[debug] [2021-10-13T17:26:46.851Z] ----------------------------------------------------------------------
[debug] [2021-10-13T17:26:46.852Z] Command:       C:\Program Files\nodejs\node.exe C:\Users\Maciej\AppData\Roaming\npm\node_modules\firebase-tools\lib\bin\firebase.js deploy
[debug] [2021-10-13T17:26:46.853Z] CLI Version:   9.20.0
[debug] [2021-10-13T17:26:46.853Z] Platform:      win32
[debug] [2021-10-13T17:26:46.853Z] Node Version:  v14.16.0
[debug] [2021-10-13T17:26:46.853Z] Time:          Wed Oct 13 2021 19:26:46 GMT+0200 (Central European Summer Time)
[debug] [2021-10-13T17:26:46.853Z] ----------------------------------------------------------------------
[debug] 
[debug] [2021-10-13T17:26:46.895Z] > command requires scopes: ["email","openid","https://www.googleapis.com/auth/cloudplatformprojects.readonly","https://www.googleapis.com/auth/firebase","https://www.googleapis.com/auth/cloud-platform"]
[debug] [2021-10-13T17:26:46.895Z] > authorizing via signed-in user (snajpermk101@gmail.com)
[debug] [2021-10-13T17:26:46.895Z] [iam] checking project kursy-online-e1f8f for permissions ["cloudfunctions.functions.create","cloudfunctions.functions.delete","cloudfunctions.functions.get","cloudfunctions.functions.list","cloudfunctions.functions.update","cloudfunctions.operations.get","firebase.projects.get"]
[debug] [2021-10-13T17:26:46.897Z] >>> HTTP REQUEST POST https://cloudresourcemanager.googleapis.com/v1/projects/kursy-online-e1f8f:testIamPermissions  
 {"permissions":["cloudfunctions.functions.create","cloudfunctions.functions.delete","cloudfunctions.functions.get","cloudfunctions.functions.list","cloudfunctions.functions.update","cloudfunctions.operations.get","firebase.projects.get"]}
[debug] [2021-10-13T17:26:47.129Z] <<< HTTP RESPONSE 200 {"content-type":"application/json; charset=UTF-8","vary":"X-Origin, Referer, Origin,Accept-Encoding","date":"Wed, 13 Oct 2021 17:26:47 GMT","server":"ESF","cache-control":"private","x-xss-protection":"0","x-frame-options":"SAMEORIGIN","x-content-type-options":"nosniff","server-timing":"gfet4t7; dur=148","alt-svc":"h3=\":443\"; ma=2592000,h3-29=\":443\"; ma=2592000,h3-T051=\":443\"; ma=2592000,h3-Q050=\":443\"; ma=2592000,h3-Q046=\":443\"; ma=2592000,h3-Q043=\":443\"; ma=2592000,quic=\":443\"; ma=2592000; v=\"46,43\"","accept-ranges":"none","transfer-encoding":"chunked"}
[debug] [2021-10-13T17:26:47.130Z] >>> HTTP REQUEST POST https://iam.googleapis.com/v1/projects/kursy-online-e1f8f/serviceAccounts/kursy-online-e1f8f@appspot.gserviceaccount.com:testIamPermissions  
 {"permissions":["iam.serviceAccounts.actAs"]}
[debug] [2021-10-13T17:26:47.825Z] <<< HTTP RESPONSE 200 {"content-type":"application/json; charset=UTF-8","vary":"X-Origin, Referer, Origin,Accept-Encoding","date":"Wed, 13 Oct 2021 17:26:48 GMT","server":"ESF","cache-control":"private","x-xss-protection":"0","x-frame-options":"SAMEORIGIN","x-content-type-options":"nosniff","alt-svc":"h3=\":443\"; ma=2592000,h3-29=\":443\"; ma=2592000,h3-T051=\":443\"; ma=2592000,h3-Q050=\":443\"; ma=2592000,h3-Q046=\":443\"; ma=2592000,h3-Q043=\":443\"; ma=2592000,quic=\":443\"; ma=2592000; v=\"46,43\"","accept-ranges":"none","transfer-encoding":"chunked"}
[info] 
[info] === Deploying to 'kursy-online-e1f8f'...
[info] 
[info] i  deploying functions 
[info] Running command: npm --prefix "$RESOURCE_DIR" run lint
[info] +  functions: Finished running predeploy script. 
[debug] [2021-10-13T17:26:48.740Z] Validating nodejs source
[debug] [2021-10-13T17:26:50.755Z] > [functions] package.json contents: {
  "name": "functions",
  "description": "Cloud Functions for Firebase",
  "scripts": {
    "lint": "eslint .",
    "serve": "firebase emulators:start --only functions",
    "shell": "firebase functions:shell",
    "start": "npm run shell",
    "deploy": "firebase deploy --only functions",
    "logs": "firebase functions:log"
  },
  "engines": {
    "node": "14"
  },
  "main": "index.js",
  "dependencies": {
    "cors": "^2.8.5",
    "express": "^4.17.1",
    "firebase-admin": "^9.8.0",
    "firebase-functions": "^3.14.1"
  },
  "devDependencies": {
    "eslint": "^7.6.0",
    "eslint-config-google": "^0.14.0",
    "firebase-functions-test": "^0.2.0"
  },
  "private": true
}
[debug] [2021-10-13T17:26:50.755Z] Building nodejs source
[info] i  functions: ensuring required API cloudfunctions.googleapis.com is enabled... 
[info] i  functions: ensuring required API cloudbuild.googleapis.com is enabled... 
[debug] [2021-10-13T17:26:50.756Z] >>> HTTP REQUEST GET https://serviceusage.googleapis.com/v1/projects/kursy-online-e1f8f/services/cloudfunctions.googleapis.com  
 
[debug] [2021-10-13T17:26:50.757Z] >>> HTTP REQUEST GET https://serviceusage.googleapis.com/v1/projects/kursy-online-e1f8f/services/runtimeconfig.googleapis.com  
 
[debug] [2021-10-13T17:26:50.757Z] >>> HTTP REQUEST GET https://serviceusage.googleapis.com/v1/projects/kursy-online-e1f8f/services/cloudbuild.googleapis.com  
 
[debug] [2021-10-13T17:26:51.714Z] <<< HTTP RESPONSE 200 {"content-type":"application/json; charset=UTF-8","vary":"X-Origin, Referer, Origin,Accept-Encoding","date":"Wed, 13 Oct 2021 17:26:52 GMT","server":"ESF","cache-control":"private","x-xss-protection":"0","x-frame-options":"SAMEORIGIN","x-content-type-options":"nosniff","alt-svc":"h3=\":443\"; ma=2592000,h3-29=\":443\"; ma=2592000,h3-T051=\":443\"; ma=2592000,h3-Q050=\":443\"; ma=2592000,h3-Q046=\":443\"; ma=2592000,h3-Q043=\":443\"; ma=2592000,quic=\":443\"; ma=2592000; v=\"46,43\"","accept-ranges":"none","transfer-encoding":"chunked"}
[debug] [2021-10-13T17:26:51.765Z] <<< HTTP RESPONSE 200 {"content-type":"application/json; charset=UTF-8","vary":"X-Origin, Referer, Origin,Accept-Encoding","date":"Wed, 13 Oct 2021 17:26:52 GMT","server":"ESF","cache-control":"private","x-xss-protection":"0","x-frame-options":"SAMEORIGIN","x-content-type-options":"nosniff","alt-svc":"h3=\":443\"; ma=2592000,h3-29=\":443\"; ma=2592000,h3-T051=\":443\"; ma=2592000,h3-Q050=\":443\"; ma=2592000,h3-Q046=\":443\"; ma=2592000,h3-Q043=\":443\"; ma=2592000,quic=\":443\"; ma=2592000; v=\"46,43\"","accept-ranges":"none","transfer-encoding":"chunked"}
[info] +  functions: required API cloudfunctions.googleapis.com is enabled 
[debug] [2021-10-13T17:26:51.781Z] <<< HTTP RESPONSE 200 {"content-type":"application/json; charset=UTF-8","vary":"X-Origin, Referer, Origin,Accept-Encoding","date":"Wed, 13 Oct 2021 17:26:52 GMT","server":"ESF","cache-control":"private","x-xss-protection":"0","x-frame-options":"SAMEORIGIN","x-content-type-options":"nosniff","alt-svc":"h3=\":443\"; ma=2592000,h3-29=\":443\"; ma=2592000,h3-T051=\":443\"; ma=2592000,h3-Q050=\":443\"; ma=2592000,h3-Q046=\":443\"; ma=2592000,h3-Q043=\":443\"; ma=2592000,quic=\":443\"; ma=2592000; v=\"46,43\"","accept-ranges":"none","transfer-encoding":"chunked"}
[warn] !  functions: missing required API cloudbuild.googleapis.com. Enabling now... 
[debug] [2021-10-13T17:26:51.781Z] >>> HTTP REQUEST POST https://serviceusage.googleapis.com/v1/projects/kursy-online-e1f8f/services/cloudbuild.googleapis.com:enable  
 
[debug] [2021-10-13T17:26:53.362Z] <<< HTTP RESPONSE 200 {"content-type":"application/json; charset=UTF-8","vary":"X-Origin, Referer, Origin,Accept-Encoding","date":"Wed, 13 Oct 2021 17:26:54 GMT","server":"ESF","cache-control":"private","x-xss-protection":"0","x-frame-options":"SAMEORIGIN","x-content-type-options":"nosniff","alt-svc":"h3=\":443\"; ma=2592000,h3-29=\":443\"; ma=2592000,h3-T051=\":443\"; ma=2592000,h3-Q050=\":443\"; ma=2592000,h3-Q046=\":443\"; ma=2592000,h3-Q043=\":443\"; ma=2592000,quic=\":443\"; ma=2592000; v=\"46,43\"","accept-ranges":"none","transfer-encoding":"chunked"}
[debug] [2021-10-13T17:27:03.374Z] >>> HTTP REQUEST GET https://serviceusage.googleapis.com/v1/projects/kursy-online-e1f8f/services/cloudbuild.googleapis.com  
 
[debug] [2021-10-13T17:27:04.320Z] <<< HTTP RESPONSE 200 {"content-type":"application/json; charset=UTF-8","vary":"X-Origin, Referer, Origin,Accept-Encoding","date":"Wed, 13 Oct 2021 17:27:05 GMT","server":"ESF","cache-control":"private","x-xss-protection":"0","x-frame-options":"SAMEORIGIN","x-content-type-options":"nosniff","alt-svc":"h3=\":443\"; ma=2592000,h3-29=\":443\"; ma=2592000,h3-T051=\":443\"; ma=2592000,h3-Q050=\":443\"; ma=2592000,h3-Q046=\":443\"; ma=2592000,h3-Q043=\":443\"; ma=2592000,quic=\":443\"; ma=2592000; v=\"46,43\"","accept-ranges":"none","transfer-encoding":"chunked"}
[info] +  functions: required API cloudbuild.googleapis.com is enabled 
[debug] [2021-10-13T17:27:04.322Z] >>> HTTP REQUEST GET https://firebase.googleapis.com/v1beta1/projects/kursy-online-e1f8f/adminSdkConfig  
 
[debug] [2021-10-13T17:27:04.722Z] <<< HTTP RESPONSE 200 {"content-type":"application/json; charset=UTF-8","vary":"X-Origin, Referer, Origin,Accept-Encoding","date":"Wed, 13 Oct 2021 17:27:05 GMT","server":"ESF","cache-control":"private","x-xss-protection":"0","x-frame-options":"SAMEORIGIN","x-content-type-options":"nosniff","alt-svc":"h3=\":443\"; ma=2592000,h3-29=\":443\"; ma=2592000,h3-T051=\":443\"; ma=2592000,h3-Q050=\":443\"; ma=2592000,h3-Q046=\":443\"; ma=2592000,h3-Q043=\":443\"; ma=2592000,quic=\":443\"; ma=2592000; v=\"46,43\"","accept-ranges":"none","transfer-encoding":"chunked"}
[debug] [2021-10-13T17:27:04.723Z] >>> HTTP REQUEST GET https://runtimeconfig.googleapis.com/v1beta1/projects/kursy-online-e1f8f/configs  
 
[debug] [2021-10-13T17:27:05.557Z] <<< HTTP RESPONSE 200 {"content-type":"application/json; charset=UTF-8","vary":"X-Origin, Referer, Origin,Accept-Encoding","date":"Wed, 13 Oct 2021 17:27:06 GMT","server":"ESF","cache-control":"private","x-xss-protection":"0","x-frame-options":"SAMEORIGIN","x-content-type-options":"nosniff","alt-svc":"h3=\":443\"; ma=2592000,h3-29=\":443\"; ma=2592000,h3-T051=\":443\"; ma=2592000,h3-Q050=\":443\"; ma=2592000,h3-Q046=\":443\"; ma=2592000,h3-Q043=\":443\"; ma=2592000,quic=\":443\"; ma=2592000; v=\"46,43\"","accept-ranges":"none","transfer-encoding":"chunked"}
[debug] [2021-10-13T17:27:05.558Z] Analyzing nodejs backend spec
[info] i  functions: preparing functions directory for uploading... 
[info] i  functions: packaged functions (35.65 KB) for uploading 
[debug] [2021-10-13T17:27:05.763Z] >>> HTTP REQUEST GET https://cloudfunctions.googleapis.com/v1/projects/kursy-online-e1f8f/locations/-/functions  
 
[debug] [2021-10-13T17:27:06.382Z] <<< HTTP RESPONSE 200 {"content-type":"application/json; charset=UTF-8","vary":"X-Origin, Referer, Origin,Accept-Encoding","date":"Wed, 13 Oct 2021 17:27:07 GMT","server":"ESF","cache-control":"private","x-xss-protection":"0","x-frame-options":"SAMEORIGIN","x-content-type-options":"nosniff","alt-svc":"h3=\":443\"; ma=2592000,h3-29=\":443\"; ma=2592000,h3-T051=\":443\"; ma=2592000,h3-Q050=\":443\"; ma=2592000,h3-Q046=\":443\"; ma=2592000,h3-Q043=\":443\"; ma=2592000,quic=\":443\"; ma=2592000; v=\"46,43\"","accept-ranges":"none","transfer-encoding":"chunked"}
[debug] [2021-10-13T17:27:06.383Z] [functions] found 1 new HTTP functions, testing setIamPolicy permission...
[debug] [2021-10-13T17:27:06.383Z] >>> HTTP REQUEST POST https://cloudresourcemanager.googleapis.com/v1/projects/kursy-online-e1f8f:testIamPermissions  
 {"permissions":["cloudfunctions.functions.setIamPolicy"]}
[debug] [2021-10-13T17:27:06.565Z] <<< HTTP RESPONSE 200 {"content-type":"application/json; charset=UTF-8","vary":"X-Origin, Referer, Origin,Accept-Encoding","date":"Wed, 13 Oct 2021 17:27:07 GMT","server":"ESF","cache-control":"private","x-xss-protection":"0","x-frame-options":"SAMEORIGIN","x-content-type-options":"nosniff","server-timing":"gfet4t7; dur=132","alt-svc":"h3=\":443\"; ma=2592000,h3-29=\":443\"; ma=2592000,h3-T051=\":443\"; ma=2592000,h3-Q050=\":443\"; ma=2592000,h3-Q046=\":443\"; ma=2592000,h3-Q043=\":443\"; ma=2592000,quic=\":443\"; ma=2592000; v=\"46,43\"","accept-ranges":"none","transfer-encoding":"chunked"}
[debug] [2021-10-13T17:27:06.565Z] [functions] found setIamPolicy permission, proceeding with deploy
[debug] [2021-10-13T17:27:06.565Z] >>> HTTP REQUEST POST https://cloudfunctions.googleapis.com/v1/projects/kursy-online-e1f8f/locations/us-central1/functions:generateUploadUrl  
 
[debug] [2021-10-13T17:27:15.495Z] <<< HTTP RESPONSE 200 {"content-type":"application/json; charset=UTF-8","vary":"X-Origin, Referer, Origin,Accept-Encoding","date":"Wed, 13 Oct 2021 17:27:16 GMT","server":"ESF","cache-control":"private","x-xss-protection":"0","x-frame-options":"SAMEORIGIN","x-content-type-options":"nosniff","alt-svc":"h3=\":443\"; ma=2592000,h3-29=\":443\"; ma=2592000,h3-T051=\":443\"; ma=2592000,h3-Q050=\":443\"; ma=2592000,h3-Q046=\":443\"; ma=2592000,h3-Q043=\":443\"; ma=2592000,quic=\":443\"; ma=2592000; v=\"46,43\"","accept-ranges":"none","transfer-encoding":"chunked"}
[debug] [2021-10-13T17:27:15.496Z] >>> HTTP REQUEST PUT https://storage.googleapis.com/gcf-upload-us-central1-4b970ab3-fb0c-4d05-a975-aadf09620aa3/2c20db96-d5b7-4299-ac41-6fa36b48cabf.zip?GoogleAccessId=service-44492422263@gcf-admin-robot.iam.gserviceaccount.com&Expires=1634147836&Signature=PYGX6evb4E9pqUoLGpMxfyUwFHbj2QKZbx%2Far0hGkOz7NGMGqQRtObckWZZ5MdjOC98nd74q7pHHuiDnnQjs7GEE8uNFleGFe31CgufvM15eWLK5vHrIEbayoBAbeOvcX965riqdk4rI8Ihnqotru4AvRgQe5o8hLko42%2BKzkMudkvZYeVRic33S1OSNhKInPRryYFPDghFL0aLh%2B0vYSupY5eo8KpphquG48V3EZuEH7wmBRiAciNKh%2Feg2bRKJt4k8n%2BThI58stMdUMOzfUMjAfqf3afknxHBJb3XYxaFjjeRWhT4exgP%2FfIda7%2Fhy%2Ba24pn5fh014H2lnv4htSg%3D%3D  
 <request body omitted>
[debug] [2021-10-13T17:27:15.840Z] <<< HTTP RESPONSE 200 {"x-guploader-uploadid":"ADPycdt0UcNgqderG_5vI1Ohza09PUWcOUwvXQZhoYApRQ3OfD5co3NneO_UrNxmjEp18A8BNpoMU3E_3ZSMIo6ZavOEhJ0G4A","etag":"\"bd7bd483755841142c1679728c151e7d\"","x-goog-generation":"1634146036633305","x-goog-metageneration":"1","x-goog-hash":"crc32c=SbVdyQ==, md5=vXvUg3VYQRQsFnlyjBUefQ==","x-goog-stored-content-length":"36502","x-goog-stored-content-encoding":"identity","vary":"Origin","content-length":"0","date":"Wed, 13 Oct 2021 17:27:16 GMT","server":"UploadServer","content-type":"text/html; charset=UTF-8","alt-svc":"h3=\":443\"; ma=2592000,h3-29=\":443\"; ma=2592000,h3-T051=\":443\"; ma=2592000,h3-Q050=\":443\"; ma=2592000,h3-Q046=\":443\"; ma=2592000,h3-Q043=\":443\"; ma=2592000,quic=\":443\"; ma=2592000; v=\"46,43\""}
[info] +  functions: functions folder uploaded successfully 
[info] i  functions: creating Node.js 14 function api(us-central1)... 
[debug] [2021-10-13T17:27:15.843Z] >>> HTTP REQUEST POST https://cloudfunctions.googleapis.com/v1/projects/kursy-online-e1f8f/locations/us-central1/functions  
 {"name":"projects/kursy-online-e1f8f/locations/us-central1/functions/api","sourceUploadUrl":"https://storage.googleapis.com/gcf-upload-us-central1-4b970ab3-fb0c-4d05-a975-aadf09620aa3/2c20db96-d5b7-4299-ac41-6fa36b48cabf.zip?GoogleAccessId=service-44492422263@gcf-admin-robot.iam.gserviceaccount.com&Expires=1634147836&Signature=PYGX6evb4E9pqUoLGpMxfyUwFHbj2QKZbx%2Far0hGkOz7NGMGqQRtObckWZZ5MdjOC98nd74q7pHHuiDnnQjs7GEE8uNFleGFe31CgufvM15eWLK5vHrIEbayoBAbeOvcX965riqdk4rI8Ihnqotru4AvRgQe5o8hLko42%2BKzkMudkvZYeVRic33S1OSNhKInPRryYFPDghFL0aLh%2B0vYSupY5eo8KpphquG48V3EZuEH7wmBRiAciNKh%2Feg2bRKJt4k8n%2BThI58stMdUMOzfUMjAfqf3afknxHBJb3XYxaFjjeRWhT4exgP%2FfIda7%2Fhy%2Ba24pn5fh014H2lnv4htSg%3D%3D","entryPoint":"api","runtime":"nodejs14","httpsTrigger":{},"labels":{"deployment-tool":"cli-firebase"},"environmentVariables":{"FIREBASE_CONFIG":"{\"projectId\":\"kursy-online-e1f8f\",\"databaseURL\":\"https://kursy-online-e1f8f-default-rtdb.europe-west1.firebasedatabase.app\",\"storageBucket\":\"kursy-online-e1f8f.appspot.com\",\"locationId\":\"europe-west\"}","GCLOUD_PROJECT":"kursy-online-e1f8f"}}
[debug] [2021-10-13T17:27:16.555Z] <<< HTTP RESPONSE 200 {"content-type":"application/json; charset=UTF-8","vary":"X-Origin, Referer, Origin,Accept-Encoding","date":"Wed, 13 Oct 2021 17:27:17 GMT","server":"ESF","cache-control":"private","x-xss-protection":"0","x-frame-options":"SAMEORIGIN","x-content-type-options":"nosniff","alt-svc":"h3=\":443\"; ma=2592000,h3-29=\":443\"; ma=2592000,h3-T051=\":443\"; ma=2592000,h3-Q050=\":443\"; ma=2592000,h3-Q046=\":443\"; ma=2592000,h3-Q043=\":443\"; ma=2592000,quic=\":443\"; ma=2592000; v=\"46,43\"","accept-ranges":"none","transfer-encoding":"chunked"}
[debug] [2021-10-13T17:27:16.556Z] > refreshing access token with scopes: []
[debug] [2021-10-13T17:27:16.556Z] >>> HTTP REQUEST POST https://www.googleapis.com/oauth2/v3/token  
 <request body omitted>
[debug] [2021-10-13T17:27:16.643Z] <<< HTTP RESPONSE 200 {"pragma":"no-cache","expires":"Mon, 01 Jan 1990 00:00:00 GMT","date":"Wed, 13 Oct 2021 17:27:17 GMT","cache-control":"no-cache, no-store, max-age=0, must-revalidate","content-type":"application/json; charset=utf-8","vary":"X-Origin, Referer, Origin,Accept-Encoding","server":"scaffolding on HTTPServer2","x-xss-protection":"0","x-frame-options":"SAMEORIGIN","x-content-type-options":"nosniff","alt-svc":"h3=\":443\"; ma=2592000,h3-29=\":443\"; ma=2592000,h3-T051=\":443\"; ma=2592000,h3-Q050=\":443\"; ma=2592000,h3-Q046=\":443\"; ma=2592000,h3-Q043=\":443\"; ma=2592000,quic=\":443\"; ma=2592000; v=\"46,43\"","accept-ranges":"none","transfer-encoding":"chunked"}
[debug] [2021-10-13T17:27:16.658Z] >>> [apiv2][query] GET https://cloudfunctions.googleapis.com/v1/operations/a3Vyc3ktb25saW5lLWUxZjhmL3VzLWNlbnRyYWwxL2FwaS9lSWh5NmpqNmE3OA [none]
[debug] [2021-10-13T17:27:17.088Z] <<< [apiv2][status] GET https://cloudfunctions.googleapis.com/v1/operations/a3Vyc3ktb25saW5lLWUxZjhmL3VzLWNlbnRyYWwxL2FwaS9lSWh5NmpqNmE3OA 200
[debug] [2021-10-13T17:27:17.089Z] <<< [apiv2][body] GET https://cloudfunctions.googleapis.com/v1/operations/a3Vyc3ktb25saW5lLWUxZjhmL3VzLWNlbnRyYWwxL2FwaS9lSWh5NmpqNmE3OA {"name":"operations/a3Vyc3ktb25saW5lLWUxZjhmL3VzLWNlbnRyYWwxL2FwaS9lSWh5NmpqNmE3OA","metadata":{"@type":"type.googleapis.com/google.cloud.functions.v1.OperationMetadataV1","target":"projects/kursy-online-e1f8f/locations/us-central1/functions/api","type":"CREATE_FUNCTION","request":{"@type":"type.googleapis.com/google.cloud.functions.v1.CloudFunction","name":"projects/kursy-online-e1f8f/locations/us-central1/functions/api","httpsTrigger":{},"entryPoint":"api","labels":{"deployment-tool":"cli-firebase"},"sourceUploadUrl":"https://storage.googleapis.com/gcf-upload-us-central1-4b970ab3-fb0c-4d05-a975-aadf09620aa3/2c20db96-d5b7-4299-ac41-6fa36b48cabf.zip?GoogleAccessId=service-44492422263@gcf-admin-robot.iam.gserviceaccount.com&Expires=1634147836&Signature=PYGX6evb4E9pqUoLGpMxfyUwFHbj2QKZbx%2Far0hGkOz7NGMGqQRtObckWZZ5MdjOC98nd74q7pHHuiDnnQjs7GEE8uNFleGFe31CgufvM15eWLK5vHrIEbayoBAbeOvcX965riqdk4rI8Ihnqotru4AvRgQe5o8hLko42%2BKzkMudkvZYeVRic33S1OSNhKInPRryYFPDghFL0aLh%2B0vYSupY5eo8KpphquG48V3EZuEH7wmBRiAciNKh%2Feg2bRKJt4k8n%2BThI58stMdUMOzfUMjAfqf3afknxHBJb3XYxaFjjeRWhT4exgP%2FfIda7%2Fhy%2Ba24pn5fh014H2lnv4htSg%3D%3D","environmentVariables":{"FIREBASE_CONFIG":"{\"projectId\":\"kursy-online-e1f8f\",\"databaseURL\":\"https://kursy-online-e1f8f-default-rtdb.europe-west1.firebasedatabase.app\",\"storageBucket\":\"kursy-online-e1f8f.appspot.com\",\"locationId\":\"europe-west\"}","GCLOUD_PROJECT":"kursy-online-e1f8f"},"runtime":"nodejs14"},"versionId":"1","updateTime":"2021-10-13T17:27:17Z"}}
[debug] [2021-10-13T17:27:17.597Z] [create-projects/kursy-online-e1f8f/locations/us-central1/functions/api] Retrying task index 0
[debug] [2021-10-13T17:27:17.597Z] >>> [apiv2][query] GET https://cloudfunctions.googleapis.com/v1/operations/a3Vyc3ktb25saW5lLWUxZjhmL3VzLWNlbnRyYWwxL2FwaS9lSWh5NmpqNmE3OA [none]
[debug] [2021-10-13T17:27:18.021Z] <<< [apiv2][status] GET https://cloudfunctions.googleapis.com/v1/operations/a3Vyc3ktb25saW5lLWUxZjhmL3VzLWNlbnRyYWwxL2FwaS9lSWh5NmpqNmE3OA 200
[debug] [2021-10-13T17:27:18.021Z] <<< [apiv2][body] GET https://cloudfunctions.googleapis.com/v1/operations/a3Vyc3ktb25saW5lLWUxZjhmL3VzLWNlbnRyYWwxL2FwaS9lSWh5NmpqNmE3OA {"name":"operations/a3Vyc3ktb25saW5lLWUxZjhmL3VzLWNlbnRyYWwxL2FwaS9lSWh5NmpqNmE3OA","metadata":{"@type":"type.googleapis.com/google.cloud.functions.v1.OperationMetadataV1","target":"projects/kursy-online-e1f8f/locations/us-central1/functions/api","type":"CREATE_FUNCTION","request":{"@type":"type.googleapis.com/google.cloud.functions.v1.CloudFunction","name":"projects/kursy-online-e1f8f/locations/us-central1/functions/api","httpsTrigger":{},"entryPoint":"api","labels":{"deployment-tool":"cli-firebase"},"sourceUploadUrl":"https://storage.googleapis.com/gcf-upload-us-central1-4b970ab3-fb0c-4d05-a975-aadf09620aa3/2c20db96-d5b7-4299-ac41-6fa36b48cabf.zip?GoogleAccessId=service-44492422263@gcf-admin-robot.iam.gserviceaccount.com&Expires=1634147836&Signature=PYGX6evb4E9pqUoLGpMxfyUwFHbj2QKZbx%2Far0hGkOz7NGMGqQRtObckWZZ5MdjOC98nd74q7pHHuiDnnQjs7GEE8uNFleGFe31CgufvM15eWLK5vHrIEbayoBAbeOvcX965riqdk4rI8Ihnqotru4AvRgQe5o8hLko42%2BKzkMudkvZYeVRic33S1OSNhKInPRryYFPDghFL0aLh%2B0vYSupY5eo8KpphquG48V3EZuEH7wmBRiAciNKh%2Feg2bRKJt4k8n%2BThI58stMdUMOzfUMjAfqf3afknxHBJb3XYxaFjjeRWhT4exgP%2FfIda7%2Fhy%2Ba24pn5fh014H2lnv4htSg%3D%3D","environmentVariables":{"FIREBASE_CONFIG":"{\"projectId\":\"kursy-online-e1f8f\",\"databaseURL\":\"https://kursy-online-e1f8f-default-rtdb.europe-west1.firebasedatabase.app\",\"storageBucket\":\"kursy-online-e1f8f.appspot.com\",\"locationId\":\"europe-west\"}","GCLOUD_PROJECT":"kursy-online-e1f8f"},"runtime":"nodejs14"},"versionId":"1","updateTime":"2021-10-13T17:27:17Z"}}
[debug] [2021-10-13T17:27:19.032Z] [create-projects/kursy-online-e1f8f/locations/us-central1/functions/api] Retrying task index 0
[debug] [2021-10-13T17:27:19.032Z] >>> [apiv2][query] GET https://cloudfunctions.googleapis.com/v1/operations/a3Vyc3ktb25saW5lLWUxZjhmL3VzLWNlbnRyYWwxL2FwaS9lSWh5NmpqNmE3OA [none]
[debug] [2021-10-13T17:27:19.472Z] <<< [apiv2][status] GET https://cloudfunctions.googleapis.com/v1/operations/a3Vyc3ktb25saW5lLWUxZjhmL3VzLWNlbnRyYWwxL2FwaS9lSWh5NmpqNmE3OA 200
[debug] [2021-10-13T17:27:19.472Z] <<< [apiv2][body] GET https://cloudfunctions.googleapis.com/v1/operations/a3Vyc3ktb25saW5lLWUxZjhmL3VzLWNlbnRyYWwxL2FwaS9lSWh5NmpqNmE3OA {"name":"operations/a3Vyc3ktb25saW5lLWUxZjhmL3VzLWNlbnRyYWwxL2FwaS9lSWh5NmpqNmE3OA","metadata":{"@type":"type.googleapis.com/google.cloud.functions.v1.OperationMetadataV1","target":"projects/kursy-online-e1f8f/locations/us-central1/functions/api","type":"CREATE_FUNCTION","request":{"@type":"type.googleapis.com/google.cloud.functions.v1.CloudFunction","name":"projects/kursy-online-e1f8f/locations/us-central1/functions/api","httpsTrigger":{},"entryPoint":"api","labels":{"deployment-tool":"cli-firebase"},"sourceUploadUrl":"https://storage.googleapis.com/gcf-upload-us-central1-4b970ab3-fb0c-4d05-a975-aadf09620aa3/2c20db96-d5b7-4299-ac41-6fa36b48cabf.zip?GoogleAccessId=service-44492422263@gcf-admin-robot.iam.gserviceaccount.com&Expires=1634147836&Signature=PYGX6evb4E9pqUoLGpMxfyUwFHbj2QKZbx%2Far0hGkOz7NGMGqQRtObckWZZ5MdjOC98nd74q7pHHuiDnnQjs7GEE8uNFleGFe31CgufvM15eWLK5vHrIEbayoBAbeOvcX965riqdk4rI8Ihnqotru4AvRgQe5o8hLko42%2BKzkMudkvZYeVRic33S1OSNhKInPRryYFPDghFL0aLh%2B0vYSupY5eo8KpphquG48V3EZuEH7wmBRiAciNKh%2Feg2bRKJt4k8n%2BThI58stMdUMOzfUMjAfqf3afknxHBJb3XYxaFjjeRWhT4exgP%2FfIda7%2Fhy%2Ba24pn5fh014H2lnv4htSg%3D%3D","environmentVariables":{"FIREBASE_CONFIG":"{\"projectId\":\"kursy-online-e1f8f\",\"databaseURL\":\"https://kursy-online-e1f8f-default-rtdb.europe-west1.firebasedatabase.app\",\"storageBucket\":\"kursy-online-e1f8f.appspot.com\",\"locationId\":\"europe-west\"}","GCLOUD_PROJECT":"kursy-online-e1f8f"},"runtime":"nodejs14"},"versionId":"1","updateTime":"2021-10-13T17:27:17Z","buildId":"2609b062-fee7-40d3-aa8a-7e1347af1c58","buildName":"projects/44492422263/locations/us-central1/builds/2609b062-fee7-40d3-aa8a-7e1347af1c58"}}
[debug] [2021-10-13T17:27:21.472Z] [create-projects/kursy-online-e1f8f/locations/us-central1/functions/api] Retrying task index 0
[debug] [2021-10-13T17:27:21.472Z] >>> [apiv2][query] GET https://cloudfunctions.googleapis.com/v1/operations/a3Vyc3ktb25saW5lLWUxZjhmL3VzLWNlbnRyYWwxL2FwaS9lSWh5NmpqNmE3OA [none]
[debug] [2021-10-13T17:27:21.892Z] <<< [apiv2][status] GET https://cloudfunctions.googleapis.com/v1/operations/a3Vyc3ktb25saW5lLWUxZjhmL3VzLWNlbnRyYWwxL2FwaS9lSWh5NmpqNmE3OA 200
[debug] [2021-10-13T17:27:21.892Z] <<< [apiv2][body] GET https://cloudfunctions.googleapis.com/v1/operations/a3Vyc3ktb25saW5lLWUxZjhmL3VzLWNlbnRyYWwxL2FwaS9lSWh5NmpqNmE3OA {"name":"operations/a3Vyc3ktb25saW5lLWUxZjhmL3VzLWNlbnRyYWwxL2FwaS9lSWh5NmpqNmE3OA","metadata":{"@type":"type.googleapis.com/google.cloud.functions.v1.OperationMetadataV1","target":"projects/kursy-online-e1f8f/locations/us-central1/functions/api","type":"CREATE_FUNCTION","request":{"@type":"type.googleapis.com/google.cloud.functions.v1.CloudFunction","name":"projects/kursy-online-e1f8f/locations/us-central1/functions/api","httpsTrigger":{},"entryPoint":"api","labels":{"deployment-tool":"cli-firebase"},"sourceUploadUrl":"https://storage.googleapis.com/gcf-upload-us-central1-4b970ab3-fb0c-4d05-a975-aadf09620aa3/2c20db96-d5b7-4299-ac41-6fa36b48cabf.zip?GoogleAccessId=service-44492422263@gcf-admin-robot.iam.gserviceaccount.com&Expires=1634147836&Signature=PYGX6evb4E9pqUoLGpMxfyUwFHbj2QKZbx%2Far0hGkOz7NGMGqQRtObckWZZ5MdjOC98nd74q7pHHuiDnnQjs7GEE8uNFleGFe31CgufvM15eWLK5vHrIEbayoBAbeOvcX965riqdk4rI8Ihnqotru4AvRgQe5o8hLko42%2BKzkMudkvZYeVRic33S1OSNhKInPRryYFPDghFL0aLh%2B0vYSupY5eo8KpphquG48V3EZuEH7wmBRiAciNKh%2Feg2bRKJt4k8n%2BThI58stMdUMOzfUMjAfqf3afknxHBJb3XYxaFjjeRWhT4exgP%2FfIda7%2Fhy%2Ba24pn5fh014H2lnv4htSg%3D%3D","environmentVariables":{"FIREBASE_CONFIG":"{\"projectId\":\"kursy-online-e1f8f\",\"databaseURL\":\"https://kursy-online-e1f8f-default-rtdb.europe-west1.firebasedatabase.app\",\"storageBucket\":\"kursy-online-e1f8f.appspot.com\",\"locationId\":\"europe-west\"}","GCLOUD_PROJECT":"kursy-online-e1f8f"},"runtime":"nodejs14"},"versionId":"1","updateTime":"2021-10-13T17:27:17Z","buildId":"2609b062-fee7-40d3-aa8a-7e1347af1c58","buildName":"projects/44492422263/locations/us-central1/builds/2609b062-fee7-40d3-aa8a-7e1347af1c58"}}
[debug] [2021-10-13T17:27:25.902Z] [create-projects/kursy-online-e1f8f/locations/us-central1/functions/api] Retrying task index 0
[debug] [2021-10-13T17:27:25.903Z] >>> [apiv2][query] GET https://cloudfunctions.googleapis.com/v1/operations/a3Vyc3ktb25saW5lLWUxZjhmL3VzLWNlbnRyYWwxL2FwaS9lSWh5NmpqNmE3OA [none]
[debug] [2021-10-13T17:27:26.308Z] <<< [apiv2][status] GET https://cloudfunctions.googleapis.com/v1/operations/a3Vyc3ktb25saW5lLWUxZjhmL3VzLWNlbnRyYWwxL2FwaS9lSWh5NmpqNmE3OA 200
[debug] [2021-10-13T17:27:26.308Z] <<< [apiv2][body] GET https://cloudfunctions.googleapis.com/v1/operations/a3Vyc3ktb25saW5lLWUxZjhmL3VzLWNlbnRyYWwxL2FwaS9lSWh5NmpqNmE3OA {"name":"operations/a3Vyc3ktb25saW5lLWUxZjhmL3VzLWNlbnRyYWwxL2FwaS9lSWh5NmpqNmE3OA","metadata":{"@type":"type.googleapis.com/google.cloud.functions.v1.OperationMetadataV1","target":"projects/kursy-online-e1f8f/locations/us-central1/functions/api","type":"CREATE_FUNCTION","request":{"@type":"type.googleapis.com/google.cloud.functions.v1.CloudFunction","name":"projects/kursy-online-e1f8f/locations/us-central1/functions/api","httpsTrigger":{},"entryPoint":"api","labels":{"deployment-tool":"cli-firebase"},"sourceUploadUrl":"https://storage.googleapis.com/gcf-upload-us-central1-4b970ab3-fb0c-4d05-a975-aadf09620aa3/2c20db96-d5b7-4299-ac41-6fa36b48cabf.zip?GoogleAccessId=service-44492422263@gcf-admin-robot.iam.gserviceaccount.com&Expires=1634147836&Signature=PYGX6evb4E9pqUoLGpMxfyUwFHbj2QKZbx%2Far0hGkOz7NGMGqQRtObckWZZ5MdjOC98nd74q7pHHuiDnnQjs7GEE8uNFleGFe31CgufvM15eWLK5vHrIEbayoBAbeOvcX965riqdk4rI8Ihnqotru4AvRgQe5o8hLko42%2BKzkMudkvZYeVRic33S1OSNhKInPRryYFPDghFL0aLh%2B0vYSupY5eo8KpphquG48V3EZuEH7wmBRiAciNKh%2Feg2bRKJt4k8n%2BThI58stMdUMOzfUMjAfqf3afknxHBJb3XYxaFjjeRWhT4exgP%2FfIda7%2Fhy%2Ba24pn5fh014H2lnv4htSg%3D%3D","environmentVariables":{"FIREBASE_CONFIG":"{\"projectId\":\"kursy-online-e1f8f\",\"databaseURL\":\"https://kursy-online-e1f8f-default-rtdb.europe-west1.firebasedatabase.app\",\"storageBucket\":\"kursy-online-e1f8f.appspot.com\",\"locationId\":\"europe-west\"}","GCLOUD_PROJECT":"kursy-online-e1f8f"},"runtime":"nodejs14"},"versionId":"1","updateTime":"2021-10-13T17:27:17Z","buildId":"2609b062-fee7-40d3-aa8a-7e1347af1c58","buildName":"projects/44492422263/locations/us-central1/builds/2609b062-fee7-40d3-aa8a-7e1347af1c58"}}
[debug] [2021-10-13T17:27:34.321Z] [create-projects/kursy-online-e1f8f/locations/us-central1/functions/api] Retrying task index 0
[debug] [2021-10-13T17:27:34.321Z] >>> [apiv2][query] GET https://cloudfunctions.googleapis.com/v1/operations/a3Vyc3ktb25saW5lLWUxZjhmL3VzLWNlbnRyYWwxL2FwaS9lSWh5NmpqNmE3OA [none]
[debug] [2021-10-13T17:27:34.575Z] <<< [apiv2][status] GET https://cloudfunctions.googleapis.com/v1/operations/a3Vyc3ktb25saW5lLWUxZjhmL3VzLWNlbnRyYWwxL2FwaS9lSWh5NmpqNmE3OA 200
[debug] [2021-10-13T17:27:34.575Z] <<< [apiv2][body] GET https://cloudfunctions.googleapis.com/v1/operations/a3Vyc3ktb25saW5lLWUxZjhmL3VzLWNlbnRyYWwxL2FwaS9lSWh5NmpqNmE3OA {"name":"operations/a3Vyc3ktb25saW5lLWUxZjhmL3VzLWNlbnRyYWwxL2FwaS9lSWh5NmpqNmE3OA","metadata":{"@type":"type.googleapis.com/google.cloud.functions.v1.OperationMetadataV1","target":"projects/kursy-online-e1f8f/locations/us-central1/functions/api","type":"CREATE_FUNCTION","request":{"@type":"type.googleapis.com/google.cloud.functions.v1.CloudFunction","name":"projects/kursy-online-e1f8f/locations/us-central1/functions/api","httpsTrigger":{},"entryPoint":"api","labels":{"deployment-tool":"cli-firebase"},"sourceUploadUrl":"https://storage.googleapis.com/gcf-upload-us-central1-4b970ab3-fb0c-4d05-a975-aadf09620aa3/2c20db96-d5b7-4299-ac41-6fa36b48cabf.zip?GoogleAccessId=service-44492422263@gcf-admin-robot.iam.gserviceaccount.com&Expires=1634147836&Signature=PYGX6evb4E9pqUoLGpMxfyUwFHbj2QKZbx%2Far0hGkOz7NGMGqQRtObckWZZ5MdjOC98nd74q7pHHuiDnnQjs7GEE8uNFleGFe31CgufvM15eWLK5vHrIEbayoBAbeOvcX965riqdk4rI8Ihnqotru4AvRgQe5o8hLko42%2BKzkMudkvZYeVRic33S1OSNhKInPRryYFPDghFL0aLh%2B0vYSupY5eo8KpphquG48V3EZuEH7wmBRiAciNKh%2Feg2bRKJt4k8n%2BThI58stMdUMOzfUMjAfqf3afknxHBJb3XYxaFjjeRWhT4exgP%2FfIda7%2Fhy%2Ba24pn5fh014H2lnv4htSg%3D%3D","environmentVariables":{"FIREBASE_CONFIG":"{\"projectId\":\"kursy-online-e1f8f\",\"databaseURL\":\"https://kursy-online-e1f8f-default-rtdb.europe-west1.firebasedatabase.app\",\"storageBucket\":\"kursy-online-e1f8f.appspot.com\",\"locationId\":\"europe-west\"}","GCLOUD_PROJECT":"kursy-online-e1f8f"},"runtime":"nodejs14"},"versionId":"1","updateTime":"2021-10-13T17:27:17Z","buildId":"2609b062-fee7-40d3-aa8a-7e1347af1c58","buildName":"projects/44492422263/locations/us-central1/builds/2609b062-fee7-40d3-aa8a-7e1347af1c58"}}
